<?xml version="1.0" encoding="UTF-8"?>
<testng-results ignored="0" total="1" passed="1" failed="0" skipped="0">
  <reporter-output>
  </reporter-output>
  <suite started-at="2020-12-12T10:02:09 IST" name="Default suite" finished-at="2020-12-12T10:02:18 IST" duration-ms="9773">
    <groups>
    </groups>
    <test started-at="2020-12-12T10:02:09 IST" name="Default test" finished-at="2020-12-12T10:02:18 IST" duration-ms="9773">
      <class name="demo.testNGtest">
        <test-method is-config="true" signature="setupTest()[pri:0, instance:demo.testNGtest@5e316c74]" started-at="2020-12-12T10:02:09 IST" name="setupTest" finished-at="2020-12-12T10:02:15 IST" duration-ms="6124" status="PASS">
          <reporter-output>
          </reporter-output>
        </test-method> <!-- setupTest -->
        <test-method signature="testFirefox()[pri:0, instance:demo.testNGtest@5e316c74]" started-at="2020-12-12T10:02:15 IST" name="testFirefox" finished-at="2020-12-12T10:02:17 IST" duration-ms="2156" status="PASS">
          <reporter-output>
          </reporter-output>
        </test-method> <!-- testFirefox -->
        <test-method is-config="true" signature="tearDownTest()[pri:0, instance:demo.testNGtest@5e316c74]" started-at="2020-12-12T10:02:17 IST" name="tearDownTest" finished-at="2020-12-12T10:02:18 IST" duration-ms="1432" status="PASS">
          <reporter-output>
          </reporter-output>
        </test-method> <!-- tearDownTest -->
      </class> <!-- demo.testNGtest -->
    </test> <!-- Default test -->
  </suite> <!-- Default suite -->
</testng-results>
